Determining if the pthread_create exist failed with the following output:
Change Dir: /home/andrewwchong/18642/catkin_ws/build/CMakeFiles/CMakeTmp

Run Build Command:"/usr/bin/make" "cmTC_772ed/fast"
/usr/bin/make -f CMakeFiles/cmTC_772ed.dir/build.make CMakeFiles/cmTC_772ed.dir/build
make[1]: Entering directory '/home/andrewwchong/18642/catkin_ws/build/CMakeFiles/CMakeTmp'
Building C object CMakeFiles/cmTC_772ed.dir/CheckSymbolExists.c.o
/usr/bin/cc    -o CMakeFiles/cmTC_772ed.dir/CheckSymbolExists.c.o   -c /home/andrewwchong/18642/catkin_ws/build/CMakeFiles/CMakeTmp/CheckSymbolExists.c
Linking C executable cmTC_772ed
/usr/bin/cmake -E cmake_link_script CMakeFiles/cmTC_772ed.dir/link.txt --verbose=1
/usr/bin/cc      -rdynamic CMakeFiles/cmTC_772ed.dir/CheckSymbolExists.c.o  -o cmTC_772ed 
CMakeFiles/cmTC_772ed.dir/CheckSymbolExists.c.o: In function `main':
CheckSymbolExists.c:(.text+0x1b): undefined reference to `pthread_create'
collect2: error: ld returned 1 exit status
CMakeFiles/cmTC_772ed.dir/build.make:97: recipe for target 'cmTC_772ed' failed
make[1]: *** [cmTC_772ed] Error 1
make[1]: Leaving directory '/home/andrewwchong/18642/catkin_ws/build/CMakeFiles/CMakeTmp'
Makefile:126: recipe for target 'cmTC_772ed/fast' failed
make: *** [cmTC_772ed/fast] Error 2

File /home/andrewwchong/18642/catkin_ws/build/CMakeFiles/CMakeTmp/CheckSymbolExists.c:
/* */
#include <pthread.h>

int main(int argc, char** argv)
{
  (void)argv;
#ifndef pthread_create
  return ((int*)(&pthread_create))[argc];
#else
  (void)argc;
  return 0;
#endif
}

Determining if the function pthread_create exists in the pthreads failed with the following output:
Change Dir: /home/andrewwchong/18642/catkin_ws/build/CMakeFiles/CMakeTmp

Run Build Command:"/usr/bin/make" "cmTC_2463e/fast"
/usr/bin/make -f CMakeFiles/cmTC_2463e.dir/build.make CMakeFiles/cmTC_2463e.dir/build
make[1]: Entering directory '/home/andrewwchong/18642/catkin_ws/build/CMakeFiles/CMakeTmp'
Building C object CMakeFiles/cmTC_2463e.dir/CheckFunctionExists.c.o
/usr/bin/cc   -DCHECK_FUNCTION_EXISTS=pthread_create   -o CMakeFiles/cmTC_2463e.dir/CheckFunctionExists.c.o   -c /usr/share/cmake-3.10/Modules/CheckFunctionExists.c
Linking C executable cmTC_2463e
/usr/bin/cmake -E cmake_link_script CMakeFiles/cmTC_2463e.dir/link.txt --verbose=1
/usr/bin/cc  -DCHECK_FUNCTION_EXISTS=pthread_create    -rdynamic CMakeFiles/cmTC_2463e.dir/CheckFunctionExists.c.o  -o cmTC_2463e -lpthreads 
/usr/bin/ld: cannot find -lpthreads
collect2: error: ld returned 1 exit status
CMakeFiles/cmTC_2463e.dir/build.make:97: recipe for target 'cmTC_2463e' failed
make[1]: *** [cmTC_2463e] Error 1
make[1]: Leaving directory '/home/andrewwchong/18642/catkin_ws/build/CMakeFiles/CMakeTmp'
Makefile:126: recipe for target 'cmTC_2463e/fast' failed
make: *** [cmTC_2463e/fast] Error 2


